#
# There is insufficient memory for the Java Runtime Environment to continue.
# Native memory allocation (mmap) failed to map 65011712 bytes for G1 virtual space
# Possible reasons:
#   The system is out of physical RAM or swap space
#   The process is running with CompressedOops enabled, and the Java Heap may be blocking the growth of the native heap
# Possible solutions:
#   Reduce memory load on the system
#   Increase physical memory or swap space
#   Check if swap backing store is full
#   Decrease Java heap size (-Xmx/-Xms)
#   Decrease number of Java threads
#   Decrease Java thread stack sizes (-Xss)
#   Set larger code cache with -XX:ReservedCodeCacheSize=
#   JVM is running with Unscaled Compressed Oops mode in which the Java heap is
#     placed in the first 4GB address space. The Java Heap base address is the
#     maximum limit for the native heap growth. Please use -XX:HeapBaseMinAddress
#     to set the Java Heap base and to place the Java Heap above 4GB virtual address.
# This output file may be truncated or incomplete.
#
#  Out of Memory Error (./open/src/hotspot/os/windows/os_windows.cpp:3321), pid=15960, tid=308
#
# JRE version:  (15.0.2+7) (build )
# Java VM: OpenJDK 64-Bit Server VM (15.0.2+7-27, mixed mode, sharing, tiered, compressed oops, g1 gc, windows-amd64)
# No core dump will be written. Minidumps are not enabled by default on client versions of Windows
#

---------------  S U M M A R Y ------------

Command Line: -Dfile.encoding=Cp1252 -XX:+ShowCodeDetailsInExceptionMessages com.lt.client.UserClient

Host: Intel(R) Core(TM) i3-10110U CPU @ 2.10GHz, 4 cores, 3G,  Windows 10 , 64 bit Build 19041 (10.0.19041.1151)
Time: Tue Sep 21 01:04:26 2021 India Standard Time elapsed time: 0.021778 seconds (0d 0h 0m 0s)

---------------  T H R E A D  ---------------

Current thread (0x00000206ed06fda0):  JavaThread "Unknown thread" [_thread_in_vm, id=308, stack(0x000000db17300000,0x000000db17400000)]

Stack: [0x000000db17300000,0x000000db17400000]
Native frames: (J=compiled Java code, j=interpreted, Vv=VM code, C=native code)
V  [jvm.dll+0x62ae9a]
V  [jvm.dll+0x7817a9]
V  [jvm.dll+0x782f03]
V  [jvm.dll+0x783563]
V  [jvm.dll+0x216325]
V  [jvm.dll+0x6281d9]
V  [jvm.dll+0x61cf55]
V  [jvm.dll+0x2cffdd]
V  [jvm.dll+0x2cfe42]
V  [jvm.dll+0x2d5e1c]
V  [jvm.dll+0x32590a]
V  [jvm.dll+0x324fd4]
V  [jvm.dll+0x2a6f5a]
V  [jvm.dll+0x2a80f8]
V  [jvm.dll+0x75e241]
V  [jvm.dll+0x3341c4]
V  [jvm.dll+0x73e926]
V  [jvm.dll+0x3b7557]
V  [jvm.dll+0x3b8fe1]
C  [jli.dll+0x52fb]
C  [ucrtbase.dll+0x21bb2]
C  [KERNEL32.DLL+0x17034]
C  [ntdll.dll+0x52651]


---------------  P R O C E S S  ---------------

Threads class SMR info:
_java_thread_list=0x00007ff82ea74ff0, length=0, elements={
}

Java Threads: ( => current thread )

Other Threads:
  0x00000206ed0a0910 GCTaskThread "GC Thread#0" [stack: 0x000000db17400000,0x000000db17500000] [id=14920]
  0x00000206ed0a9560 ConcurrentGCThread "G1 Main Marker" [stack: 0x000000db17500000,0x000000db17600000] [id=2212]
  0x00000206ed0ab1e0 ConcurrentGCThread "G1 Conc#0" [stack: 0x000000db17600000,0x000000db17700000] [id=23384]

[error occurred during error reporting (printing all threads), id 0xc0000005, EXCEPTION_ACCESS_VIOLATION (0xc0000005) at pc=0x00007ff82e267e27]

VM state: not at safepoint (not fully initialized)

VM Mutex/Monitor currently owned by a thread:  ([mutex/lock_event])
[0x00000206ed06bd70] Heap_lock - owner thread: 0x00000206ed06fda0

Heap address: 0x00000000c3400000, size: 972 MB, Compressed Oops mode: 32-bit
CDS archive(s) mapped at: [0x0000000000000000-0x0000000000000000-0x0000000000000000), size 0, SharedBaseAddress: 0x0000000800000000, ArchiveRelocationMode: 0.
Narrow klass base: 0x0000000000000000, Narrow klass shift: 0, Narrow klass range: 0x0

Heap:
 garbage-first heap   total 63488K, used 0K [0x00000000c3400000, 0x0000000100000000)
  region size 1024K, 0 young (0K), 0 survivors (0K)
 Metaspace       used 0K, capacity 0K, committed 0K, reserved 0K
  class space    used 0K, capacity 0K, committed 0K, reserved 0K

Heap Regions: E=young(eden), S=young(survivor), O=old, HS=humongous(starts), HC=humongous(continues), CS=collection set, F=free, OA=open archive, CA=closed archive, TAMS=top-at-mark-start (previous, next)

Card table byte_map: [0x00000206f2a80000,0x00000206f2c70000] _byte_map_base: 0x00000206f2466000

Marking Bits (Prev, Next): (CMBitMap*) 0x00000206ed0a1180, (CMBitMap*) 0x00000206ed0a11c0
 Prev Bits: [0x00000206f2e60000, 0x00000206f3d90000)
 Next Bits: [0x00000206f3d90000, 0x00000206f4cc0000)

GC Heap History (0 events):
No events

Deoptimization events (0 events):
No events

Classes unloaded (0 events):
No events

Classes redefined (0 events):
No events

Internal exceptions (0 events):
No events

Events (1 events):
Event: 0.007 Loaded shared library C:\Users\Hp\Downloads\sts-4.10.0.RELEASE\plugins\org.eclipse.justj.openjdk.hotspot.jre.full.win32.x86_64_15.0.2.v20210201-0955\jre\bin\java.dll


Dynamic libraries:
0x00007ff6acb60000 - 0x00007ff6acb6d000 	C:\Users\Hp\Downloads\sts-4.10.0.RELEASE\plugins\org.eclipse.justj.openjdk.hotspot.jre.full.win32.x86_64_15.0.2.v20210201-0955\jre\bin\javaw.exe
0x00007ff897cd0000 - 0x00007ff897ec5000 	C:\WINDOWS\SYSTEM32\ntdll.dll
0x00007ff896a40000 - 0x00007ff896afd000 	C:\WINDOWS\System32\KERNEL32.DLL
0x00007ff895730000 - 0x00007ff8959f9000 	C:\WINDOWS\System32\KERNELBASE.dll
0x00007ff895c30000 - 0x00007ff895d30000 	C:\WINDOWS\System32\ucrtbase.dll
0x00007ff87ac50000 - 0x00007ff87ac69000 	C:\Users\Hp\Downloads\sts-4.10.0.RELEASE\plugins\org.eclipse.justj.openjdk.hotspot.jre.full.win32.x86_64_15.0.2.v20210201-0955\jre\bin\VCRUNTIME140.dll
0x00007ff88e860000 - 0x00007ff88e878000 	C:\Users\Hp\Downloads\sts-4.10.0.RELEASE\plugins\org.eclipse.justj.openjdk.hotspot.jre.full.win32.x86_64_15.0.2.v20210201-0955\jre\bin\jli.dll
0x00007ff897af0000 - 0x00007ff897c90000 	C:\WINDOWS\System32\USER32.dll
0x00007ff8955a0000 - 0x00007ff8955c2000 	C:\WINDOWS\System32\win32u.dll
0x00007ff897870000 - 0x00007ff89789a000 	C:\WINDOWS\System32\GDI32.dll
0x00007ff895a30000 - 0x00007ff895b3b000 	C:\WINDOWS\System32\gdi32full.dll
0x00007ff895b90000 - 0x00007ff895c2d000 	C:\WINDOWS\System32\msvcp_win.dll
0x00007ff87a050000 - 0x00007ff87a2ea000 	C:\WINDOWS\WinSxS\amd64_microsoft.windows.common-controls_6595b64144ccf1df_6.0.19041.1110_none_60b5254171f9507e\COMCTL32.dll
0x00007ff8977d0000 - 0x00007ff89786e000 	C:\WINDOWS\System32\msvcrt.dll
0x00007ff896cd0000 - 0x00007ff896d00000 	C:\WINDOWS\System32\IMM32.DLL
0x00007ff88ecb0000 - 0x00007ff88ecbc000 	C:\Users\Hp\Downloads\sts-4.10.0.RELEASE\plugins\org.eclipse.justj.openjdk.hotspot.jre.full.win32.x86_64_15.0.2.v20210201-0955\jre\bin\vcruntime140_1.dll
0x00007ff858d80000 - 0x00007ff858e11000 	C:\Users\Hp\Downloads\sts-4.10.0.RELEASE\plugins\org.eclipse.justj.openjdk.hotspot.jre.full.win32.x86_64_15.0.2.v20210201-0955\jre\bin\msvcp140.dll
0x00007ff82dfb0000 - 0x00007ff82eb0e000 	C:\Users\Hp\Downloads\sts-4.10.0.RELEASE\plugins\org.eclipse.justj.openjdk.hotspot.jre.full.win32.x86_64_15.0.2.v20210201-0955\jre\bin\server\jvm.dll
0x00007ff896d00000 - 0x00007ff896dac000 	C:\WINDOWS\System32\ADVAPI32.dll
0x00007ff896c30000 - 0x00007ff896ccb000 	C:\WINDOWS\System32\sechost.dll
0x00007ff8976a0000 - 0x00007ff8977ca000 	C:\WINDOWS\System32\RPCRT4.dll
0x00007ff896a30000 - 0x00007ff896a38000 	C:\WINDOWS\System32\PSAPI.DLL
0x00007ff871690000 - 0x00007ff871699000 	C:\WINDOWS\SYSTEM32\WSOCK32.dll
0x00007ff871560000 - 0x00007ff871587000 	C:\WINDOWS\SYSTEM32\WINMM.dll
0x00007ff8970b0000 - 0x00007ff89711b000 	C:\WINDOWS\System32\WS2_32.dll
0x00007ff88d770000 - 0x00007ff88d77a000 	C:\WINDOWS\SYSTEM32\VERSION.dll
0x00007ff893310000 - 0x00007ff893322000 	C:\WINDOWS\SYSTEM32\kernel.appcore.dll
0x00007ff890e90000 - 0x00007ff890e9a000 	C:\Users\Hp\Downloads\sts-4.10.0.RELEASE\plugins\org.eclipse.justj.openjdk.hotspot.jre.full.win32.x86_64_15.0.2.v20210201-0955\jre\bin\jimage.dll
0x00007ff88c0b0000 - 0x00007ff88c294000 	C:\WINDOWS\SYSTEM32\DBGHELP.DLL
0x00007ff8741a0000 - 0x00007ff8741cc000 	C:\WINDOWS\SYSTEM32\dbgcore.DLL
0x00007ff895400000 - 0x00007ff895483000 	C:\WINDOWS\System32\bcryptPrimitives.dll
0x00007ff87e9c0000 - 0x00007ff87e9e5000 	C:\Users\Hp\Downloads\sts-4.10.0.RELEASE\plugins\org.eclipse.justj.openjdk.hotspot.jre.full.win32.x86_64_15.0.2.v20210201-0955\jre\bin\java.dll

dbghelp: loaded successfully - version: 4.0.5 - missing functions: none
symbol engine: initialized successfully - sym options: 0x614 - pdb path: .;C:\Users\Hp\Downloads\sts-4.10.0.RELEASE\plugins\org.eclipse.justj.openjdk.hotspot.jre.full.win32.x86_64_15.0.2.v20210201-0955\jre\bin;C:\WINDOWS\SYSTEM32;C:\WINDOWS\WinSxS\amd64_microsoft.windows.common-controls_6595b64144ccf1df_6.0.19041.1110_none_60b5254171f9507e;C:\Users\Hp\Downloads\sts-4.10.0.RELEASE\plugins\org.eclipse.justj.openjdk.hotspot.jre.full.win32.x86_64_15.0.2.v20210201-0955\jre\bin\server

VM Arguments:
jvm_args: -Dfile.encoding=Cp1252 -XX:+ShowCodeDetailsInExceptionMessages 
java_command: com.lt.client.UserClient
java_class_path (initial): C:\Users\Hp\Documents\L&TProjectTraining\CRS-LTI-POS-DEVELOPMENT\bin;C:\Users\Hp\Downloads\mysql-connector-java-8.0.21.jar;C:\Users\Hp\Downloads\log4j-1.2.17.jar
Launcher Type: SUN_STANDARD

[Global flags]
     intx CICompilerCount                          = 3                                         {product} {ergonomic}
     uint ConcGCThreads                            = 1                                         {product} {ergonomic}
     uint G1ConcRefinementThreads                  = 4                                         {product} {ergonomic}
   size_t G1HeapRegionSize                         = 1048576                                   {product} {ergonomic}
    uintx GCDrainStackTargetSize                   = 64                                        {product} {ergonomic}
   size_t InitialHeapSize                          = 65011712                                  {product} {ergonomic}
   size_t MarkStackSize                            = 4194304                                   {product} {ergonomic}
   size_t MaxHeapSize                              = 1019215872                                {product} {ergonomic}
   size_t MinHeapDeltaBytes                        = 1048576                                   {product} {ergonomic}
   size_t MinHeapSize                              = 8388608                                   {product} {ergonomic}
    uintx NonNMethodCodeHeapSize                   = 5832780                                {pd product} {ergonomic}
    uintx NonProfiledCodeHeapSize                  = 122912730                              {pd product} {ergonomic}
    uintx ProfiledCodeHeapSize                     = 122912730                              {pd product} {ergonomic}
    uintx ReservedCodeCacheSize                    = 251658240                              {pd product} {ergonomic}
     bool SegmentedCodeCache                       = true                                      {product} {ergonomic}
     bool ShowCodeDetailsInExceptionMessages       = true                                   {manageable} {command line}
   size_t SoftMaxHeapSize                          = 1019215872                             {manageable} {ergonomic}
     bool UseCompressedClassPointers               = true                                 {lp64_product} {ergonomic}
     bool UseCompressedOops                        = true                                 {lp64_product} {ergonomic}
     bool UseG1GC                                  = true                                      {product} {ergonomic}
     bool UseLargePagesIndividualAllocation        = false                                  {pd product} {ergonomic}

Logging:
Log output configuration:
 #0: stdout all=warning uptime,level,tags
 #1: stderr all=off uptime,level,tags

Environment Variables:
CLASSPATH=C:\Program Files\Apache Software Foundation\Tomcat 7.0\lib
PATH=C:/Users/Hp/Downloads/sts-4.10.0.RELEASE//plugins/org.eclipse.justj.openjdk.hotspot.jre.full.win32.x86_64_15.0.2.v20210201-0955/jre/bin/server;C:/Users/Hp/Downloads/sts-4.10.0.RELEASE//plugins/org.eclipse.justj.openjdk.hotspot.jre.full.win32.x86_64_15.0.2.v20210201-0955/jre/bin;C:\Program Files\Common Files\Oracle\Java\javapath;C:\Program Files (x86)\Common Files\Oracle\Java\javapath;C:\ProgramData\Oracle\Java\javapath;C:\WINDOWS\system32;C:\WINDOWS;C:\WINDOWS\System32\Wbem;C:\WINDOWS\System32\WindowsPowerShell\v1.0\;C:\WINDOWS\System32\OpenSSH\;C:\Program Files\nodejs\;C:\Program Files\Java\jdk-15.0.1\bin;C:\Program Files\Java\jdk-15.0.1;C:\Program Files\MySQL\MySQL Server 8.0\bin;C:\Program Files\apache-maven-3.8.1\bin;C:\Program Files\Apache Software Foundation\Tomcat 7.0;C:\Program Files\Apache Software Foundation\Tomcat 7.0\lib\servlet-api.jar;C:\Program Files\Git\cmd;C:\Users\Hp\AppData\Local\Microsoft\WindowsApps;;C:\Program Files\JetBrains\IntelliJ IDEA Community Edition 2020.1.3\bin;C:\Program Files\Java\jdk-15.0.1\bin;;C:\Users\Hp\AppData\Local\Programs\Microsoft VS Code\bin;C:\Users\Hp\AppData\Roaming\npm;C:\Users\Hp\Downloads\sts-4.10.0.RELEASE;
USERNAME=Hp
OS=Windows_NT
PROCESSOR_IDENTIFIER=Intel64 Family 6 Model 142 Stepping 12, GenuineIntel



---------------  S Y S T E M  ---------------

OS:
 Windows 10 , 64 bit Build 19041 (10.0.19041.1151)
OS uptime: 16 days 3:30 hours

CPU: total 4 (initial active 4) (2 cores per cpu, 2 threads per core) family 6 model 142 stepping 12 microcode 0xde, cmov, cx8, fxsr, mmx, sse, sse2, sse3, ssse3, sse4.1, sse4.2, popcnt, vzeroupper, avx, avx2, aes, clmul, erms, 3dnowpref, lzcnt, ht, tsc, tscinvbit, bmi1, bmi2, adx, fma, clflush, clflushopt

Memory: 4k page, system-wide physical 3883M (62M free)
TotalPageFile size 15659M (AvailPageFile size 57M)
current process WorkingSet (physical memory assigned to process): 9M, peak: 9M
current process commit charge ("private bytes"): 51M, peak: 113M

vm_info: OpenJDK 64-Bit Server VM (15.0.2+7-27) for windows-amd64 JRE (15.0.2+7-27), built on Dec  7 2020 20:02:38 by "mach5one" with unknown MS VC++:1925

END.
