#
# There is insufficient memory for the Java Runtime Environment to continue.
# Native memory allocation (malloc) failed to allocate 390960 bytes for Chunk::new
# Possible reasons:
#   The system is out of physical RAM or swap space
#   The process is running with CompressedOops enabled, and the Java Heap may be blocking the growth of the native heap
# Possible solutions:
#   Reduce memory load on the system
#   Increase physical memory or swap space
#   Check if swap backing store is full
#   Decrease Java heap size (-Xmx/-Xms)
#   Decrease number of Java threads
#   Decrease Java thread stack sizes (-Xss)
#   Set larger code cache with -XX:ReservedCodeCacheSize=
#   JVM is running with Unscaled Compressed Oops mode in which the Java heap is
#     placed in the first 4GB address space. The Java Heap base address is the
#     maximum limit for the native heap growth. Please use -XX:HeapBaseMinAddress
#     to set the Java Heap base and to place the Java Heap above 4GB virtual address.
# This output file may be truncated or incomplete.
#
#  Out of Memory Error (./open/src/hotspot/share/memory/arena.cpp:195), pid=23692, tid=1856
#
# JRE version: OpenJDK Runtime Environment (15.0.2+7) (build 15.0.2+7-27)
# Java VM: OpenJDK 64-Bit Server VM (15.0.2+7-27, mixed mode, tiered, compressed oops, g1 gc, windows-amd64)
# No core dump will be written. Minidumps are not enabled by default on client versions of Windows
#

---------------  S U M M A R Y ------------

Command Line: -Dfile.encoding=Cp1252 -XX:+ShowCodeDetailsInExceptionMessages com.lt.client.UserClient

Host: Intel(R) Core(TM) i3-10110U CPU @ 2.10GHz, 4 cores, 3G,  Windows 10 , 64 bit Build 19041 (10.0.19041.1151)
Time: Tue Sep 21 01:03:41 2021 India Standard Time elapsed time: 6.244578 seconds (0d 0h 0m 6s)

---------------  T H R E A D  ---------------

Current thread (0x0000012ef991ea40):  JavaThread "C2 CompilerThread0" daemon [_thread_in_native, id=1856, stack(0x000000063d300000,0x000000063d400000)]


Current CompileTask:
C2:   6244 1153   !   4       java.util.concurrent.ConcurrentHashMap::transfer (849 bytes)

Stack: [0x000000063d300000,0x000000063d400000]
Native frames: (J=compiled Java code, j=interpreted, Vv=VM code, C=native code)
V  [jvm.dll+0x62ae9a]
V  [jvm.dll+0x7817a9]
V  [jvm.dll+0x782f03]
V  [jvm.dll+0x783563]
V  [jvm.dll+0x216325]
V  [jvm.dll+0x97f3a]
V  [jvm.dll+0x9861c]
V  [jvm.dll+0x32e305]
V  [jvm.dll+0x2f768a]
V  [jvm.dll+0x2f6a4a]
V  [jvm.dll+0x1ea705]
V  [jvm.dll+0x1e996e]
V  [jvm.dll+0x178567]
V  [jvm.dll+0x1f9225]
V  [jvm.dll+0x1f72cc]
V  [jvm.dll+0x74495d]
V  [jvm.dll+0x73d75a]
V  [jvm.dll+0x629c56]
C  [ucrtbase.dll+0x21bb2]
C  [KERNEL32.DLL+0x17034]
C  [ntdll.dll+0x52651]


---------------  P R O C E S S  ---------------

Threads class SMR info:
_java_thread_list=0x0000012ef9ef0120, length=12, elements={
0x0000012ee1dc1960, 0x0000012ef98f8140, 0x0000012ef98f8c20, 0x0000012ef991a100,
0x0000012ef991cad0, 0x0000012ef991d490, 0x0000012ef991ea40, 0x0000012ef9a48120,
0x0000012ef993b760, 0x0000012ef9bb6e60, 0x0000012ef9bbc0c0, 0x0000012ef9bb9f80
}

Java Threads: ( => current thread )
  0x0000012ee1dc1960 JavaThread "main" [_thread_in_vm, id=4472, stack(0x000000063c700000,0x000000063c800000)]
  0x0000012ef98f8140 JavaThread "Reference Handler" daemon [_thread_blocked, id=23728, stack(0x000000063ce00000,0x000000063cf00000)]
  0x0000012ef98f8c20 JavaThread "Finalizer" daemon [_thread_blocked, id=17920, stack(0x000000063cf00000,0x000000063d000000)]
  0x0000012ef991a100 JavaThread "Signal Dispatcher" daemon [_thread_blocked, id=28392, stack(0x000000063d000000,0x000000063d100000)]
  0x0000012ef991cad0 JavaThread "Attach Listener" daemon [_thread_blocked, id=10104, stack(0x000000063d100000,0x000000063d200000)]
  0x0000012ef991d490 JavaThread "Service Thread" daemon [_thread_blocked, id=2340, stack(0x000000063d200000,0x000000063d300000)]
=>0x0000012ef991ea40 JavaThread "C2 CompilerThread0" daemon [_thread_in_native, id=1856, stack(0x000000063d300000,0x000000063d400000)]
  0x0000012ef9a48120 JavaThread "C1 CompilerThread0" daemon [_thread_blocked, id=19436, stack(0x000000063d400000,0x000000063d500000)]
  0x0000012ef993b760 JavaThread "Sweeper thread" daemon [_thread_blocked, id=17268, stack(0x000000063d500000,0x000000063d600000)]
  0x0000012ef9bb6e60 JavaThread "Notification Thread" daemon [_thread_blocked, id=22572, stack(0x000000063d600000,0x000000063d700000)]
  0x0000012ef9bbc0c0 JavaThread "Common-Cleaner" daemon [_thread_blocked, id=24496, stack(0x000000063d800000,0x000000063d900000)]
  0x0000012ef9bb9f80 JavaThread "mysql-cj-abandoned-connection-cleanup" daemon [_thread_blocked, id=14632, stack(0x000000063d900000,0x000000063da00000)]

Other Threads:
  0x0000012ef98c1fa0 VMThread "VM Thread" [stack: 0x000000063cd00000,0x000000063ce00000] [id=28808]
  0x0000012ef9bb7330 WatcherThread [stack: 0x000000063d700000,0x000000063d800000] [id=24460]
  0x0000012ee1def150 GCTaskThread "GC Thread#0" [stack: 0x000000063c800000,0x000000063c900000] [id=21584]
  0x0000012ef9d3dd10 GCTaskThread "GC Thread#1" [stack: 0x000000063da00000,0x000000063db00000] [id=26816]
  0x0000012ee1dfb470 ConcurrentGCThread "G1 Main Marker" [stack: 0x000000063c900000,0x000000063ca00000] [id=9700]
  0x0000012ee1dfbff0 ConcurrentGCThread "G1 Conc#0" [stack: 0x000000063ca00000,0x000000063cb00000] [id=25640]
  0x0000012ee1e3b550 ConcurrentGCThread "G1 Refine#0" [stack: 0x000000063cb00000,0x000000063cc00000] [id=28876]
  0x0000012efa3d1110 ConcurrentGCThread "G1 Refine#1" [stack: 0x000000063db00000,0x000000063dc00000] [id=22180]
  0x0000012ee1e3c0e0 ConcurrentGCThread "G1 Young RemSet Sampling" [stack: 0x000000063cc00000,0x000000063cd00000] [id=23232]

Threads with active compile tasks:
C2 CompilerThread0     6287 1153   !   4       java.util.concurrent.ConcurrentHashMap::transfer (849 bytes)

VM state: not at safepoint (normal execution)

VM Mutex/Monitor currently owned by a thread: None

Heap address: 0x00000000c3400000, size: 972 MB, Compressed Oops mode: 32-bit
CDS disabled.
Compressed class space mapped at: 0x0000000100000000-0x0000000140000000, size: 1073741824
Narrow klass base: 0x0000000000000000, Narrow klass shift: 3, Narrow klass range: 0x140000000

GC Precious Log:
 CPUs: 4 total, 4 available
 Memory: 3883M
 Large Page Support: Disabled
 NUMA Support: Disabled
 Compressed Oops: Enabled (32-bit)
 Heap Region Size: 1M
 Heap Min Capacity: 8M
 Heap Initial Capacity: 62M
 Heap Max Capacity: 972M
 Pre-touch: Disabled
 Parallel Workers: 4
 Concurrent Workers: 1
 Concurrent Refinement Workers: 4
 Periodic GC: Disabled

Heap:
 garbage-first heap   total 63488K, used 9635K [0x00000000c3400000, 0x0000000100000000)
  region size 1024K, 10 young (10240K), 2 survivors (2048K)
 Metaspace       used 15922K, capacity 16086K, committed 16256K, reserved 1064960K
  class space    used 1490K, capacity 1564K, committed 1664K, reserved 1048576K

Heap Regions: E=young(eden), S=young(survivor), O=old, HS=humongous(starts), HC=humongous(continues), CS=collection set, F=free, OA=open archive, CA=closed archive, TAMS=top-at-mark-start (previous, next)
|   0|0x00000000c3400000, 0x00000000c3500000, 0x00000000c3500000|100%| O|  |TAMS 0x00000000c3400000, 0x00000000c3400000| Untracked 
|   1|0x00000000c3500000, 0x00000000c3568e00, 0x00000000c3600000| 40%| O|  |TAMS 0x00000000c3500000, 0x00000000c3500000| Untracked 
|   2|0x00000000c3600000, 0x00000000c3600000, 0x00000000c3700000|  0%| F|  |TAMS 0x00000000c3600000, 0x00000000c3600000| Untracked 
|   3|0x00000000c3700000, 0x00000000c3700000, 0x00000000c3800000|  0%| F|  |TAMS 0x00000000c3700000, 0x00000000c3700000| Untracked 
|   4|0x00000000c3800000, 0x00000000c3800000, 0x00000000c3900000|  0%| F|  |TAMS 0x00000000c3800000, 0x00000000c3800000| Untracked 
|   5|0x00000000c3900000, 0x00000000c3900000, 0x00000000c3a00000|  0%| F|  |TAMS 0x00000000c3900000, 0x00000000c3900000| Untracked 
|   6|0x00000000c3a00000, 0x00000000c3a00000, 0x00000000c3b00000|  0%| F|  |TAMS 0x00000000c3a00000, 0x00000000c3a00000| Untracked 
|   7|0x00000000c3b00000, 0x00000000c3b00000, 0x00000000c3c00000|  0%| F|  |TAMS 0x00000000c3b00000, 0x00000000c3b00000| Untracked 
|   8|0x00000000c3c00000, 0x00000000c3c00000, 0x00000000c3d00000|  0%| F|  |TAMS 0x00000000c3c00000, 0x00000000c3c00000| Untracked 
|   9|0x00000000c3d00000, 0x00000000c3d00000, 0x00000000c3e00000|  0%| F|  |TAMS 0x00000000c3d00000, 0x00000000c3d00000| Untracked 
|  10|0x00000000c3e00000, 0x00000000c3e00000, 0x00000000c3f00000|  0%| F|  |TAMS 0x00000000c3e00000, 0x00000000c3e00000| Untracked 
|  11|0x00000000c3f00000, 0x00000000c3f00000, 0x00000000c4000000|  0%| F|  |TAMS 0x00000000c3f00000, 0x00000000c3f00000| Untracked 
|  12|0x00000000c4000000, 0x00000000c4000000, 0x00000000c4100000|  0%| F|  |TAMS 0x00000000c4000000, 0x00000000c4000000| Untracked 
|  13|0x00000000c4100000, 0x00000000c4100000, 0x00000000c4200000|  0%| F|  |TAMS 0x00000000c4100000, 0x00000000c4100000| Untracked 
|  14|0x00000000c4200000, 0x00000000c4200000, 0x00000000c4300000|  0%| F|  |TAMS 0x00000000c4200000, 0x00000000c4200000| Untracked 
|  15|0x00000000c4300000, 0x00000000c4300000, 0x00000000c4400000|  0%| F|  |TAMS 0x00000000c4300000, 0x00000000c4300000| Untracked 
|  16|0x00000000c4400000, 0x00000000c4400000, 0x00000000c4500000|  0%| F|  |TAMS 0x00000000c4400000, 0x00000000c4400000| Untracked 
|  17|0x00000000c4500000, 0x00000000c4500000, 0x00000000c4600000|  0%| F|  |TAMS 0x00000000c4500000, 0x00000000c4500000| Untracked 
|  18|0x00000000c4600000, 0x00000000c4600000, 0x00000000c4700000|  0%| F|  |TAMS 0x00000000c4600000, 0x00000000c4600000| Untracked 
|  19|0x00000000c4700000, 0x00000000c4700000, 0x00000000c4800000|  0%| F|  |TAMS 0x00000000c4700000, 0x00000000c4700000| Untracked 
|  20|0x00000000c4800000, 0x00000000c4800000, 0x00000000c4900000|  0%| F|  |TAMS 0x00000000c4800000, 0x00000000c4800000| Untracked 
|  21|0x00000000c4900000, 0x00000000c4900000, 0x00000000c4a00000|  0%| F|  |TAMS 0x00000000c4900000, 0x00000000c4900000| Untracked 
|  22|0x00000000c4a00000, 0x00000000c4a00000, 0x00000000c4b00000|  0%| F|  |TAMS 0x00000000c4a00000, 0x00000000c4a00000| Untracked 
|  23|0x00000000c4b00000, 0x00000000c4b00000, 0x00000000c4c00000|  0%| F|  |TAMS 0x00000000c4b00000, 0x00000000c4b00000| Untracked 
|  24|0x00000000c4c00000, 0x00000000c4c00000, 0x00000000c4d00000|  0%| F|  |TAMS 0x00000000c4c00000, 0x00000000c4c00000| Untracked 
|  25|0x00000000c4d00000, 0x00000000c4d00000, 0x00000000c4e00000|  0%| F|  |TAMS 0x00000000c4d00000, 0x00000000c4d00000| Untracked 
|  26|0x00000000c4e00000, 0x00000000c4e00000, 0x00000000c4f00000|  0%| F|  |TAMS 0x00000000c4e00000, 0x00000000c4e00000| Untracked 
|  27|0x00000000c4f00000, 0x00000000c4f00000, 0x00000000c5000000|  0%| F|  |TAMS 0x00000000c4f00000, 0x00000000c4f00000| Untracked 
|  28|0x00000000c5000000, 0x00000000c5000000, 0x00000000c5100000|  0%| F|  |TAMS 0x00000000c5000000, 0x00000000c5000000| Untracked 
|  29|0x00000000c5100000, 0x00000000c5100000, 0x00000000c5200000|  0%| F|  |TAMS 0x00000000c5100000, 0x00000000c5100000| Untracked 
|  30|0x00000000c5200000, 0x00000000c5200000, 0x00000000c5300000|  0%| F|  |TAMS 0x00000000c5200000, 0x00000000c5200000| Untracked 
|  31|0x00000000c5300000, 0x00000000c5300000, 0x00000000c5400000|  0%| F|  |TAMS 0x00000000c5300000, 0x00000000c5300000| Untracked 
|  32|0x00000000c5400000, 0x00000000c5400000, 0x00000000c5500000|  0%| F|  |TAMS 0x00000000c5400000, 0x00000000c5400000| Untracked 
|  33|0x00000000c5500000, 0x00000000c5500000, 0x00000000c5600000|  0%| F|  |TAMS 0x00000000c5500000, 0x00000000c5500000| Untracked 
|  34|0x00000000c5600000, 0x00000000c5600000, 0x00000000c5700000|  0%| F|  |TAMS 0x00000000c5600000, 0x00000000c5600000| Untracked 
|  35|0x00000000c5700000, 0x00000000c5700000, 0x00000000c5800000|  0%| F|  |TAMS 0x00000000c5700000, 0x00000000c5700000| Untracked 
|  36|0x00000000c5800000, 0x00000000c5800000, 0x00000000c5900000|  0%| F|  |TAMS 0x00000000c5800000, 0x00000000c5800000| Untracked 
|  37|0x00000000c5900000, 0x00000000c5900000, 0x00000000c5a00000|  0%| F|  |TAMS 0x00000000c5900000, 0x00000000c5900000| Untracked 
|  38|0x00000000c5a00000, 0x00000000c5a00000, 0x00000000c5b00000|  0%| F|  |TAMS 0x00000000c5a00000, 0x00000000c5a00000| Untracked 
|  39|0x00000000c5b00000, 0x00000000c5b00000, 0x00000000c5c00000|  0%| F|  |TAMS 0x00000000c5b00000, 0x00000000c5b00000| Untracked 
|  40|0x00000000c5c00000, 0x00000000c5c00000, 0x00000000c5d00000|  0%| F|  |TAMS 0x00000000c5c00000, 0x00000000c5c00000| Untracked 
|  41|0x00000000c5d00000, 0x00000000c5d00000, 0x00000000c5e00000|  0%| F|  |TAMS 0x00000000c5d00000, 0x00000000c5d00000| Untracked 
|  42|0x00000000c5e00000, 0x00000000c5e00000, 0x00000000c5f00000|  0%| F|  |TAMS 0x00000000c5e00000, 0x00000000c5e00000| Untracked 
|  43|0x00000000c5f00000, 0x00000000c5f00000, 0x00000000c6000000|  0%| F|  |TAMS 0x00000000c5f00000, 0x00000000c5f00000| Untracked 
|  44|0x00000000c6000000, 0x00000000c6000000, 0x00000000c6100000|  0%| F|  |TAMS 0x00000000c6000000, 0x00000000c6000000| Untracked 
|  45|0x00000000c6100000, 0x00000000c6100000, 0x00000000c6200000|  0%| F|  |TAMS 0x00000000c6100000, 0x00000000c6100000| Untracked 
|  46|0x00000000c6200000, 0x00000000c6200000, 0x00000000c6300000|  0%| F|  |TAMS 0x00000000c6200000, 0x00000000c6200000| Untracked 
|  47|0x00000000c6300000, 0x00000000c6400000, 0x00000000c6400000|100%| S|CS|TAMS 0x00000000c6300000, 0x00000000c6300000| Complete 
|  48|0x00000000c6400000, 0x00000000c6500000, 0x00000000c6500000|100%| S|CS|TAMS 0x00000000c6400000, 0x00000000c6400000| Complete 
|  49|0x00000000c6500000, 0x00000000c6500000, 0x00000000c6600000|  0%| F|  |TAMS 0x00000000c6500000, 0x00000000c6500000| Untracked 
|  50|0x00000000c6600000, 0x00000000c6600000, 0x00000000c6700000|  0%| F|  |TAMS 0x00000000c6600000, 0x00000000c6600000| Untracked 
|  51|0x00000000c6700000, 0x00000000c6700000, 0x00000000c6800000|  0%| F|  |TAMS 0x00000000c6700000, 0x00000000c6700000| Untracked 
|  52|0x00000000c6800000, 0x00000000c6800000, 0x00000000c6900000|  0%| F|  |TAMS 0x00000000c6800000, 0x00000000c6800000| Untracked 
|  53|0x00000000c6900000, 0x00000000c6900000, 0x00000000c6a00000|  0%| F|  |TAMS 0x00000000c6900000, 0x00000000c6900000| Untracked 
|  54|0x00000000c6a00000, 0x00000000c6b00000, 0x00000000c6b00000|100%| E|  |TAMS 0x00000000c6a00000, 0x00000000c6a00000| Complete 
|  55|0x00000000c6b00000, 0x00000000c6c00000, 0x00000000c6c00000|100%| E|CS|TAMS 0x00000000c6b00000, 0x00000000c6b00000| Complete 
|  56|0x00000000c6c00000, 0x00000000c6d00000, 0x00000000c6d00000|100%| E|CS|TAMS 0x00000000c6c00000, 0x00000000c6c00000| Complete 
|  57|0x00000000c6d00000, 0x00000000c6e00000, 0x00000000c6e00000|100%| E|CS|TAMS 0x00000000c6d00000, 0x00000000c6d00000| Complete 
|  58|0x00000000c6e00000, 0x00000000c6f00000, 0x00000000c6f00000|100%| E|CS|TAMS 0x00000000c6e00000, 0x00000000c6e00000| Complete 
|  59|0x00000000c6f00000, 0x00000000c7000000, 0x00000000c7000000|100%| E|CS|TAMS 0x00000000c6f00000, 0x00000000c6f00000| Complete 
|  60|0x00000000c7000000, 0x00000000c7100000, 0x00000000c7100000|100%| E|CS|TAMS 0x00000000c7000000, 0x00000000c7000000| Complete 
|  61|0x00000000c7100000, 0x00000000c7200000, 0x00000000c7200000|100%| E|  |TAMS 0x00000000c7100000, 0x00000000c7100000| Complete 

Card table byte_map: [0x0000012ef49d0000,0x0000012ef4bc0000] _byte_map_base: 0x0000012ef43b6000

Marking Bits (Prev, Next): (CMBitMap*) 0x0000012ee1df08e0, (CMBitMap*) 0x0000012ee1df0920
 Prev Bits: [0x0000012ef4db0000, 0x0000012ef5ce0000)
 Next Bits: [0x0000012ef5ce0000, 0x0000012ef6c10000)

Polling page: 0x0000012ee15a0000

Metaspace:

Usage:
  Non-class:     14.18 MB capacity,    14.10 MB (>99%) used,    69.58 KB ( <1%) free+waste,    15.31 KB ( <1%) overhead. 
      Class:      1.56 MB capacity,     1.46 MB ( 93%) used,    99.51 KB (  6%) free+waste,     5.31 KB ( <1%) overhead. 
       Both:     15.74 MB capacity,    15.55 MB ( 99%) used,   169.09 KB (  1%) free+waste,    20.62 KB ( <1%) overhead. 

Virtual space:
  Non-class space:       16.00 MB reserved,      14.25 MB ( 89%) committed 
      Class space:        1.00 GB reserved,       1.62 MB ( <1%) committed 
             Both:        1.02 GB reserved,      15.88 MB (  2%) committed 

Chunk freelists:
   Non-Class:  6.00 KB
       Class:  4.00 KB
        Both:  10.00 KB

MaxMetaspaceSize: 17179869184.00 GB
CompressedClassSpaceSize: 1.00 GB

CodeHeap 'non-profiled nmethods': size=120000Kb used=394Kb max_used=394Kb free=119605Kb
 bounds [0x0000012eed2b0000, 0x0000012eed520000, 0x0000012ef47e0000]
CodeHeap 'profiled nmethods': size=120000Kb used=2098Kb max_used=2098Kb free=117901Kb
 bounds [0x0000012ee5d80000, 0x0000012ee5ff0000, 0x0000012eed2b0000]
CodeHeap 'non-nmethods': size=5760Kb used=1205Kb max_used=1218Kb free=4554Kb
 bounds [0x0000012ee57e0000, 0x0000012ee5a50000, 0x0000012ee5d80000]
 total_blobs=1692 nmethods=1216 adapters=389
 compilation: enabled
              stopped_count=0, restarted_count=0
 full_count=0

Compilation events (20 events):
Event: 6.227 Thread 0x0000012ef9a48120 1154       3       sun.security.util.KnownOIDs::findMatch (57 bytes)
Event: 6.228 Thread 0x0000012ef9a48120 nmethod 1154 0x0000012ee5f6af10 code [0x0000012ee5f6b100, 0x0000012ee5f6b568]
Event: 6.228 Thread 0x0000012ef9a48120 1155       3       java.util.HashMap::entrySet (27 bytes)
Event: 6.228 Thread 0x0000012ef9a48120 nmethod 1155 0x0000012ee5f6b710 code [0x0000012ee5f6b8e0, 0x0000012ee5f6bcb8]
Event: 6.228 Thread 0x0000012ef9a48120 1156       3       java.util.HashMap$EntrySet::iterator (12 bytes)
Event: 6.228 Thread 0x0000012ef9a48120 nmethod 1156 0x0000012ee5f6be10 code [0x0000012ee5f6bfc0, 0x0000012ee5f6c208]
Event: 6.228 Thread 0x0000012ef9a48120 1158       3       java.util.Collections::emptyIterator (4 bytes)
Event: 6.228 Thread 0x0000012ef9a48120 nmethod 1158 0x0000012ee5f6c310 code [0x0000012ee5f6c4a0, 0x0000012ee5f6c598]
Event: 6.228 Thread 0x0000012ef9a48120 1159       1       sun.security.util.KnownOIDs::aliases (5 bytes)
Event: 6.229 Thread 0x0000012ef9a48120 nmethod 1159 0x0000012eed30ff90 code [0x0000012eed310120, 0x0000012eed3101d8]
Event: 6.229 Thread 0x0000012ef9a48120 1160       3       java.security.Provider$Service::<init> (184 bytes)
Event: 6.230 Thread 0x0000012ef9a48120 nmethod 1160 0x0000012ee5f6c610 code [0x0000012ee5f6c940, 0x0000012ee5f6e018]
Event: 6.230 Thread 0x0000012ef9a48120 1161       3       java.security.Provider::getEngineName (49 bytes)
Event: 6.231 Thread 0x0000012ef9a48120 nmethod 1161 0x0000012ee5f6e610 code [0x0000012ee5f6e840, 0x0000012ee5f6f098]
Event: 6.231 Thread 0x0000012ef9a48120 1162   !   3       java.security.Provider::implRemoveService (180 bytes)
Event: 6.232 Thread 0x0000012ef9a48120 nmethod 1162 0x0000012ee5f6f310 code [0x0000012ee5f6f5a0, 0x0000012ee5f702f8]
Event: 6.232 Thread 0x0000012ef9a48120 1163       3       sun.invoke.util.VerifyAccess::isClassAccessible (230 bytes)
Event: 6.233 Thread 0x0000012ef9a48120 nmethod 1163 0x0000012ee5f70790 code [0x0000012ee5f70b20, 0x0000012ee5f72108]
Event: 6.234 Thread 0x0000012ef9a48120 1165       3       java.lang.invoke.InvokerBytecodeGenerator::emitImplicitConversion (161 bytes)
Event: 6.235 Thread 0x0000012ef9a48120 nmethod 1165 0x0000012ee5f72790 code [0x0000012ee5f72aa0, 0x0000012ee5f738b8]

GC Heap History (2 events):
Event: 6.003 GC heap before
{Heap before GC invocations=0 (full 0):
 garbage-first heap   total 63488K, used 12288K [0x00000000c3400000, 0x0000000100000000)
  region size 1024K, 13 young (13312K), 0 survivors (0K)
 Metaspace       used 13038K, capacity 13257K, committed 13312K, reserved 1060864K
  class space    used 1187K, capacity 1266K, committed 1280K, reserved 1048576K
}
Event: 6.012 GC heap after
{Heap after GC invocations=1 (full 0):
 garbage-first heap   total 63488K, used 3491K [0x00000000c3400000, 0x0000000100000000)
  region size 1024K, 2 young (2048K), 2 survivors (2048K)
 Metaspace       used 13038K, capacity 13257K, committed 13312K, reserved 1060864K
  class space    used 1187K, capacity 1266K, committed 1280K, reserved 1048576K
}

Deoptimization events (20 events):
Event: 6.108 Thread 0x0000012ee1dc1960 DEOPT PACKING pc=0x0000012eed2e5f78 sp=0x000000063c7fcb20
Event: 6.108 Thread 0x0000012ee1dc1960 DEOPT UNPACKING pc=0x0000012ee582e42f sp=0x000000063c7fcad0 mode 2
Event: 6.109 Thread 0x0000012ee1dc1960 Uncommon trap: trap_request=0xffffffde fr.pc=0x0000012eed2e5f78 relative=0x0000000000000ef8
Event: 6.109 Thread 0x0000012ee1dc1960 Uncommon trap: reason=class_check action=maybe_recompile pc=0x0000012eed2e5f78 method=java.util.HashMap.putVal(ILjava/lang/Object;Ljava/lang/Object;ZZ)Ljava/lang/Object; @ 203 c2
Event: 6.109 Thread 0x0000012ee1dc1960 DEOPT PACKING pc=0x0000012eed2e5f78 sp=0x000000063c7fcb20
Event: 6.109 Thread 0x0000012ee1dc1960 DEOPT UNPACKING pc=0x0000012ee582e42f sp=0x000000063c7fcad0 mode 2
Event: 6.109 Thread 0x0000012ee1dc1960 Uncommon trap: trap_request=0xffffffde fr.pc=0x0000012eed2e5f78 relative=0x0000000000000ef8
Event: 6.109 Thread 0x0000012ee1dc1960 Uncommon trap: reason=class_check action=maybe_recompile pc=0x0000012eed2e5f78 method=java.util.HashMap.putVal(ILjava/lang/Object;Ljava/lang/Object;ZZ)Ljava/lang/Object; @ 203 c2
Event: 6.109 Thread 0x0000012ee1dc1960 DEOPT PACKING pc=0x0000012eed2e5f78 sp=0x000000063c7fcb20
Event: 6.109 Thread 0x0000012ee1dc1960 DEOPT UNPACKING pc=0x0000012ee582e42f sp=0x000000063c7fcad0 mode 2
Event: 6.111 Thread 0x0000012ee1dc1960 Uncommon trap: trap_request=0xffffffde fr.pc=0x0000012eed2e5f78 relative=0x0000000000000ef8
Event: 6.111 Thread 0x0000012ee1dc1960 Uncommon trap: reason=class_check action=maybe_recompile pc=0x0000012eed2e5f78 method=java.util.HashMap.putVal(ILjava/lang/Object;Ljava/lang/Object;ZZ)Ljava/lang/Object; @ 203 c2
Event: 6.111 Thread 0x0000012ee1dc1960 DEOPT PACKING pc=0x0000012eed2e5f78 sp=0x000000063c7fcb20
Event: 6.111 Thread 0x0000012ee1dc1960 DEOPT UNPACKING pc=0x0000012ee582e42f sp=0x000000063c7fcad0 mode 2
Event: 6.200 Thread 0x0000012ee1dc1960 DEOPT PACKING pc=0x0000012ee5f39738 sp=0x000000063c7fe340
Event: 6.200 Thread 0x0000012ee1dc1960 DEOPT UNPACKING pc=0x0000012ee582e23f sp=0x000000063c7fd7c0 mode 0
Event: 6.201 Thread 0x0000012ee1dc1960 DEOPT PACKING pc=0x0000012ee5f39738 sp=0x000000063c7fe340
Event: 6.201 Thread 0x0000012ee1dc1960 DEOPT UNPACKING pc=0x0000012ee582e23f sp=0x000000063c7fd7c0 mode 0
Event: 6.202 Thread 0x0000012ee1dc1960 DEOPT PACKING pc=0x0000012ee5f39738 sp=0x000000063c7fe340
Event: 6.202 Thread 0x0000012ee1dc1960 DEOPT UNPACKING pc=0x0000012ee582e23f sp=0x000000063c7fd7c0 mode 0

Classes unloaded (0 events):
No events

Classes redefined (0 events):
No events

Internal exceptions (20 events):
Event: 0.578 Thread 0x0000012ee1dc1960 Exception <a 'java/lang/IncompatibleClassChangeError'{0x00000000c6e04a88}: Found class java.lang.Object, but interface was expected> (0x00000000c6e04a88) 
thrown [./open/src/hotspot/share/interpreter/linkResolver.cpp, line 848]
Event: 0.591 Thread 0x0000012ee1dc1960 Exception <a 'java/lang/ClassNotFoundException'{0x00000000c6e23598}: org/apache/log4j/LayoutCustomizer> (0x00000000c6e23598) 
thrown [./open/src/hotspot/share/classfile/systemDictionary.cpp, line 295]
Event: 0.594 Thread 0x0000012ee1dc1960 Exception <a 'java/lang/ClassNotFoundException'{0x00000000c6e32960}: org/apache/log4j/PatternLayoutCustomizer> (0x00000000c6e32960) 
thrown [./open/src/hotspot/share/classfile/systemDictionary.cpp, line 295]
Event: 0.658 Thread 0x0000012ee1dc1960 Exception <a 'java/lang/ClassNotFoundException'{0x00000000c6d1f310}: org/apache/log4j/RollingFileAppenderBeanInfo> (0x00000000c6d1f310) 
thrown [./open/src/hotspot/share/classfile/systemDictionary.cpp, line 295]
Event: 0.659 Thread 0x0000012ee1dc1960 Exception <a 'java/lang/ClassNotFoundException'{0x00000000c6d20e78}: org/apache/log4j/FileAppenderBeanInfo> (0x00000000c6d20e78) 
thrown [./open/src/hotspot/share/classfile/systemDictionary.cpp, line 295]
Event: 0.660 Thread 0x0000012ee1dc1960 Exception <a 'java/lang/ClassNotFoundException'{0x00000000c6d22ca0}: org/apache/log4j/WriterAppenderBeanInfo> (0x00000000c6d22ca0) 
thrown [./open/src/hotspot/share/classfile/systemDictionary.cpp, line 295]
Event: 0.660 Thread 0x0000012ee1dc1960 Exception <a 'java/lang/ClassNotFoundException'{0x00000000c6d24db0}: org/apache/log4j/AppenderSkeletonBeanInfo> (0x00000000c6d24db0) 
thrown [./open/src/hotspot/share/classfile/systemDictionary.cpp, line 295]
Event: 0.660 Thread 0x0000012ee1dc1960 Exception <a 'java/lang/ClassNotFoundException'{0x00000000c6d27168}: org/apache/log4j/AppenderSkeletonCustomizer> (0x00000000c6d27168) 
thrown [./open/src/hotspot/share/classfile/systemDictionary.cpp, line 295]
Event: 0.666 Thread 0x0000012ee1dc1960 Exception <a 'java/lang/ClassNotFoundException'{0x00000000c6d36718}: org/apache/log4j/WriterAppenderCustomizer> (0x00000000c6d36718) 
thrown [./open/src/hotspot/share/classfile/systemDictionary.cpp, line 295]
Event: 0.668 Thread 0x0000012ee1dc1960 Exception <a 'java/lang/ClassNotFoundException'{0x00000000c6d42068}: org/apache/log4j/FileAppenderCustomizer> (0x00000000c6d42068) 
thrown [./open/src/hotspot/share/classfile/systemDictionary.cpp, line 295]
Event: 0.672 Thread 0x0000012ee1dc1960 Exception <a 'java/lang/ClassNotFoundException'{0x00000000c6d4d4d8}: org/apache/log4j/RollingFileAppenderCustomizer> (0x00000000c6d4d4d8) 
thrown [./open/src/hotspot/share/classfile/systemDictionary.cpp, line 295]
Event: 5.700 Thread 0x0000012ee1dc1960 Exception <a 'java/lang/NoSuchMethodError'{0x00000000c6ca75d8}: 'void java.lang.invoke.DirectMethodHandle$Holder.invokeSpecial(java.lang.Object, java.lang.Object, java.lang.Object)'> (0x00000000c6ca75d8) 
thrown [./open/src/hotspot/share/interpreter/linkResolver.cpp, line 782]
Event: 5.738 Thread 0x0000012ee1dc1960 Exception <a 'java/lang/NoSuchMethodError'{0x00000000c6b5f828}: 'java.lang.Object java.lang.invoke.DirectMethodHandle$Holder.invokeStatic(java.lang.Object)'> (0x00000000c6b5f828) 
thrown [./open/src/hotspot/share/interpreter/linkResolver.cpp, line 782]
Event: 5.738 Thread 0x0000012ee1dc1960 Exception <a 'java/lang/NoSuchMethodError'{0x00000000c6b63140}: 'java.lang.Object java.lang.invoke.DirectMethodHandle$Holder.invokeStaticInit(java.lang.Object)'> (0x00000000c6b63140) 
thrown [./open/src/hotspot/share/interpreter/linkResolver.cpp, line 782]
Event: 5.781 Thread 0x0000012ee1dc1960 Exception <a 'java/lang/NoSuchMethodError'{0x00000000c6bf3de0}: 'void java.lang.invoke.DirectMethodHandle$Holder.invokeStatic(java.lang.Object, java.lang.Object, java.lang.Object)'> (0x00000000c6bf3de0) 
thrown [./open/src/hotspot/share/interpreter/linkResolver.cpp, line 782]
Event: 5.783 Thread 0x0000012ee1dc1960 Exception <a 'java/lang/NoSuchMethodError'{0x00000000c6bfe9d0}: 'java.lang.Object java.lang.invoke.DirectMethodHandle$Holder.invokeVirtual(java.lang.Object, java.lang.Object, java.lang.Object)'> (0x00000000c6bfe9d0) 
thrown [./open/src/hotspot/share/interpreter/linkResolver.cpp, line 782]
Event: 5.907 Thread 0x0000012ee1dc1960 Exception <a 'java/lang/NoSuchMethodError'{0x00000000c67606e8}: 'void java.lang.invoke.DirectMethodHandle$Holder.invokeStatic(java.lang.Object, java.lang.Object)'> (0x00000000c67606e8) 
thrown [./open/src/hotspot/share/interpreter/linkResolver.cpp, line 782]
Event: 5.970 Thread 0x0000012ee1dc1960 Exception <a 'java/lang/NoSuchMethodError'{0x00000000c66759c8}: 'void java.lang.invoke.DirectMethodHandle$Holder.invokeStaticInit(java.lang.Object, java.lang.Object)'> (0x00000000c66759c8) 
thrown [./open/src/hotspot/share/interpreter/linkResolver.cpp, line 782]
Event: 6.234 Thread 0x0000012ee1dc1960 Exception <a 'java/lang/NoSuchMethodError'{0x00000000c6a5bf40}: 'java.lang.Object java.lang.invoke.DirectMethodHandle$Holder.invokeStaticInit(java.lang.Object, int, int, int, int)'> (0x00000000c6a5bf40) 
thrown [./open/src/hotspot/share/interpreter/linkResolver.cpp, line 782]
Event: 6.238 Thread 0x0000012ee1dc1960 Exception <a 'sun/nio/fs/WindowsException'{0x00000000c6a63028}> (0x00000000c6a63028) 
thrown [./open/src/hotspot/share/prims/jni.cpp, line 578]

Events (20 events):
Event: 6.239 loading class sun/nio/fs/Globs done
Event: 6.239 loading class java/util/regex/Pattern$SliceU
Event: 6.239 loading class java/util/regex/Pattern$SliceU done
Event: 6.239 loading class sun/nio/fs/WindowsFileSystem$2
Event: 6.239 loading class java/nio/file/PathMatcher
Event: 6.239 loading class java/nio/file/PathMatcher done
Event: 6.239 loading class sun/nio/fs/WindowsFileSystem$2 done
Event: 6.239 loading class java/nio/file/Files$1
Event: 6.239 loading class java/nio/file/DirectoryStream$Filter
Event: 6.239 loading class java/nio/file/DirectoryStream$Filter done
Event: 6.239 loading class java/nio/file/Files$1 done
Event: 6.239 loading class sun/nio/fs/WindowsDirectoryStream$WindowsDirectoryIterator
Event: 6.239 loading class sun/nio/fs/WindowsDirectoryStream$WindowsDirectoryIterator done
Event: 6.240 loading class sun/nio/fs/WindowsPath$WindowsPathWithAttributes
Event: 6.240 loading class sun/nio/fs/BasicFileAttributesHolder
Event: 6.240 loading class sun/nio/fs/BasicFileAttributesHolder done
Event: 6.240 loading class sun/nio/fs/WindowsPath$WindowsPathWithAttributes done
Event: 6.240 loading class java/nio/file/attribute/FileAttribute
Event: 6.240 loading class java/nio/file/attribute/FileAttribute done
Event: 6.241 loading class sun/nio/fs/WindowsSecurityDescriptor


Dynamic libraries:
0x00007ff6acb60000 - 0x00007ff6acb6d000 	C:\Users\Hp\Downloads\sts-4.10.0.RELEASE\plugins\org.eclipse.justj.openjdk.hotspot.jre.full.win32.x86_64_15.0.2.v20210201-0955\jre\bin\javaw.exe
0x00007ff897cd0000 - 0x00007ff897ec5000 	C:\WINDOWS\SYSTEM32\ntdll.dll
0x00007ff896a40000 - 0x00007ff896afd000 	C:\WINDOWS\System32\KERNEL32.DLL
0x00007ff895730000 - 0x00007ff8959f9000 	C:\WINDOWS\System32\KERNELBASE.dll
0x00007ff895c30000 - 0x00007ff895d30000 	C:\WINDOWS\System32\ucrtbase.dll
0x00007ff88e860000 - 0x00007ff88e878000 	C:\Users\Hp\Downloads\sts-4.10.0.RELEASE\plugins\org.eclipse.justj.openjdk.hotspot.jre.full.win32.x86_64_15.0.2.v20210201-0955\jre\bin\jli.dll
0x00007ff87ac50000 - 0x00007ff87ac69000 	C:\Users\Hp\Downloads\sts-4.10.0.RELEASE\plugins\org.eclipse.justj.openjdk.hotspot.jre.full.win32.x86_64_15.0.2.v20210201-0955\jre\bin\VCRUNTIME140.dll
0x00007ff897af0000 - 0x00007ff897c90000 	C:\WINDOWS\System32\USER32.dll
0x00007ff8955a0000 - 0x00007ff8955c2000 	C:\WINDOWS\System32\win32u.dll
0x00007ff897870000 - 0x00007ff89789a000 	C:\WINDOWS\System32\GDI32.dll
0x00007ff895a30000 - 0x00007ff895b3b000 	C:\WINDOWS\System32\gdi32full.dll
0x00007ff895b90000 - 0x00007ff895c2d000 	C:\WINDOWS\System32\msvcp_win.dll
0x00007ff87a050000 - 0x00007ff87a2ea000 	C:\WINDOWS\WinSxS\amd64_microsoft.windows.common-controls_6595b64144ccf1df_6.0.19041.1110_none_60b5254171f9507e\COMCTL32.dll
0x00007ff8977d0000 - 0x00007ff89786e000 	C:\WINDOWS\System32\msvcrt.dll
0x00007ff896cd0000 - 0x00007ff896d00000 	C:\WINDOWS\System32\IMM32.DLL
0x00007ff88ecb0000 - 0x00007ff88ecbc000 	C:\Users\Hp\Downloads\sts-4.10.0.RELEASE\plugins\org.eclipse.justj.openjdk.hotspot.jre.full.win32.x86_64_15.0.2.v20210201-0955\jre\bin\vcruntime140_1.dll
0x00007ff858d80000 - 0x00007ff858e11000 	C:\Users\Hp\Downloads\sts-4.10.0.RELEASE\plugins\org.eclipse.justj.openjdk.hotspot.jre.full.win32.x86_64_15.0.2.v20210201-0955\jre\bin\msvcp140.dll
0x00007ff82dfb0000 - 0x00007ff82eb0e000 	C:\Users\Hp\Downloads\sts-4.10.0.RELEASE\plugins\org.eclipse.justj.openjdk.hotspot.jre.full.win32.x86_64_15.0.2.v20210201-0955\jre\bin\server\jvm.dll
0x00007ff896d00000 - 0x00007ff896dac000 	C:\WINDOWS\System32\ADVAPI32.dll
0x00007ff896c30000 - 0x00007ff896ccb000 	C:\WINDOWS\System32\sechost.dll
0x00007ff8976a0000 - 0x00007ff8977ca000 	C:\WINDOWS\System32\RPCRT4.dll
0x00007ff896a30000 - 0x00007ff896a38000 	C:\WINDOWS\System32\PSAPI.DLL
0x00007ff871690000 - 0x00007ff871699000 	C:\WINDOWS\SYSTEM32\WSOCK32.dll
0x00007ff8970b0000 - 0x00007ff89711b000 	C:\WINDOWS\System32\WS2_32.dll
0x00007ff871560000 - 0x00007ff871587000 	C:\WINDOWS\SYSTEM32\WINMM.dll
0x00007ff88d770000 - 0x00007ff88d77a000 	C:\WINDOWS\SYSTEM32\VERSION.dll
0x00007ff893310000 - 0x00007ff893322000 	C:\WINDOWS\SYSTEM32\kernel.appcore.dll
0x00007ff890e90000 - 0x00007ff890e9a000 	C:\Users\Hp\Downloads\sts-4.10.0.RELEASE\plugins\org.eclipse.justj.openjdk.hotspot.jre.full.win32.x86_64_15.0.2.v20210201-0955\jre\bin\jimage.dll
0x00007ff88c0b0000 - 0x00007ff88c294000 	C:\WINDOWS\SYSTEM32\DBGHELP.DLL
0x00007ff8741a0000 - 0x00007ff8741cc000 	C:\WINDOWS\SYSTEM32\dbgcore.DLL
0x00007ff895400000 - 0x00007ff895483000 	C:\WINDOWS\System32\bcryptPrimitives.dll
0x00007ff87e9c0000 - 0x00007ff87e9e5000 	C:\Users\Hp\Downloads\sts-4.10.0.RELEASE\plugins\org.eclipse.justj.openjdk.hotspot.jre.full.win32.x86_64_15.0.2.v20210201-0955\jre\bin\java.dll
0x00007ff88e810000 - 0x00007ff88e828000 	C:\Users\Hp\Downloads\sts-4.10.0.RELEASE\plugins\org.eclipse.justj.openjdk.hotspot.jre.full.win32.x86_64_15.0.2.v20210201-0955\jre\bin\zip.dll
0x00007ff896140000 - 0x00007ff89687f000 	C:\WINDOWS\System32\SHELL32.dll
0x00007ff893510000 - 0x00007ff893ca0000 	C:\WINDOWS\SYSTEM32\windows.storage.dll
0x00007ff895de0000 - 0x00007ff896135000 	C:\WINDOWS\System32\combase.dll
0x00007ff894df0000 - 0x00007ff894e1c000 	C:\WINDOWS\SYSTEM32\Wldp.dll
0x00007ff895d30000 - 0x00007ff895dde000 	C:\WINDOWS\System32\SHCORE.dll
0x00007ff896e10000 - 0x00007ff896e65000 	C:\WINDOWS\System32\shlwapi.dll
0x00007ff895340000 - 0x00007ff89535f000 	C:\WINDOWS\SYSTEM32\profapi.dll
0x00007ff87bf50000 - 0x00007ff87bf69000 	C:\Users\Hp\Downloads\sts-4.10.0.RELEASE\plugins\org.eclipse.justj.openjdk.hotspot.jre.full.win32.x86_64_15.0.2.v20210201-0955\jre\bin\net.dll
0x00007ff882b10000 - 0x00007ff882c18000 	C:\WINDOWS\SYSTEM32\WINHTTP.dll
0x00007ff894af0000 - 0x00007ff894b5a000 	C:\WINDOWS\system32\mswsock.dll
0x00007ff85f880000 - 0x00007ff85f892000 	C:\Users\Hp\Downloads\sts-4.10.0.RELEASE\plugins\org.eclipse.justj.openjdk.hotspot.jre.full.win32.x86_64_15.0.2.v20210201-0955\jre\bin\nio.dll
0x00007ff87f490000 - 0x00007ff87f4a0000 	C:\Users\Hp\Downloads\sts-4.10.0.RELEASE\plugins\org.eclipse.justj.openjdk.hotspot.jre.full.win32.x86_64_15.0.2.v20210201-0955\jre\bin\verify.dll
0x00007ff88e940000 - 0x00007ff88e94d000 	C:\Users\Hp\Downloads\sts-4.10.0.RELEASE\plugins\org.eclipse.justj.openjdk.hotspot.jre.full.win32.x86_64_15.0.2.v20210201-0955\jre\bin\sunmscapi.dll
0x00007ff8955d0000 - 0x00007ff89572f000 	C:\WINDOWS\System32\CRYPT32.dll
0x00007ff894e60000 - 0x00007ff894e87000 	C:\WINDOWS\SYSTEM32\ncrypt.dll
0x00007ff894e20000 - 0x00007ff894e5b000 	C:\WINDOWS\SYSTEM32\NTASN1.dll

dbghelp: loaded successfully - version: 4.0.5 - missing functions: none
symbol engine: initialized successfully - sym options: 0x614 - pdb path: .;C:\Users\Hp\Downloads\sts-4.10.0.RELEASE\plugins\org.eclipse.justj.openjdk.hotspot.jre.full.win32.x86_64_15.0.2.v20210201-0955\jre\bin;C:\WINDOWS\SYSTEM32;C:\WINDOWS\WinSxS\amd64_microsoft.windows.common-controls_6595b64144ccf1df_6.0.19041.1110_none_60b5254171f9507e;C:\Users\Hp\Downloads\sts-4.10.0.RELEASE\plugins\org.eclipse.justj.openjdk.hotspot.jre.full.win32.x86_64_15.0.2.v20210201-0955\jre\bin\server

VM Arguments:
jvm_args: -Dfile.encoding=Cp1252 -XX:+ShowCodeDetailsInExceptionMessages 
java_command: com.lt.client.UserClient
java_class_path (initial): C:\Users\Hp\Documents\L&TProjectTraining\CRS-LTI-POS-DEVELOPMENT\bin;C:\Users\Hp\Downloads\mysql-connector-java-8.0.21.jar;C:\Users\Hp\Downloads\log4j-1.2.17.jar
Launcher Type: SUN_STANDARD

[Global flags]
     intx CICompilerCount                          = 3                                         {product} {ergonomic}
     uint ConcGCThreads                            = 1                                         {product} {ergonomic}
     uint G1ConcRefinementThreads                  = 4                                         {product} {ergonomic}
   size_t G1HeapRegionSize                         = 1048576                                   {product} {ergonomic}
    uintx GCDrainStackTargetSize                   = 64                                        {product} {ergonomic}
   size_t InitialHeapSize                          = 65011712                                  {product} {ergonomic}
   size_t MarkStackSize                            = 4194304                                   {product} {ergonomic}
   size_t MaxHeapSize                              = 1019215872                                {product} {ergonomic}
   size_t MaxNewSize                               = 611319808                                 {product} {ergonomic}
   size_t MinHeapDeltaBytes                        = 1048576                                   {product} {ergonomic}
   size_t MinHeapSize                              = 8388608                                   {product} {ergonomic}
    uintx NonNMethodCodeHeapSize                   = 5832780                                {pd product} {ergonomic}
    uintx NonProfiledCodeHeapSize                  = 122912730                              {pd product} {ergonomic}
    uintx ProfiledCodeHeapSize                     = 122912730                              {pd product} {ergonomic}
    uintx ReservedCodeCacheSize                    = 251658240                              {pd product} {ergonomic}
     bool SegmentedCodeCache                       = true                                      {product} {ergonomic}
     bool ShowCodeDetailsInExceptionMessages       = true                                   {manageable} {command line}
   size_t SoftMaxHeapSize                          = 1019215872                             {manageable} {ergonomic}
     bool UseCompressedClassPointers               = true                                 {lp64_product} {ergonomic}
     bool UseCompressedOops                        = true                                 {lp64_product} {ergonomic}
     bool UseG1GC                                  = true                                      {product} {ergonomic}
     bool UseLargePagesIndividualAllocation        = false                                  {pd product} {ergonomic}

Logging:
Log output configuration:
 #0: stdout all=warning uptime,level,tags
 #1: stderr all=off uptime,level,tags

Environment Variables:
CLASSPATH=C:\Program Files\Apache Software Foundation\Tomcat 7.0\lib
PATH=C:/Users/Hp/Downloads/sts-4.10.0.RELEASE//plugins/org.eclipse.justj.openjdk.hotspot.jre.full.win32.x86_64_15.0.2.v20210201-0955/jre/bin/server;C:/Users/Hp/Downloads/sts-4.10.0.RELEASE//plugins/org.eclipse.justj.openjdk.hotspot.jre.full.win32.x86_64_15.0.2.v20210201-0955/jre/bin;C:\Program Files\Common Files\Oracle\Java\javapath;C:\Program Files (x86)\Common Files\Oracle\Java\javapath;C:\ProgramData\Oracle\Java\javapath;C:\WINDOWS\system32;C:\WINDOWS;C:\WINDOWS\System32\Wbem;C:\WINDOWS\System32\WindowsPowerShell\v1.0\;C:\WINDOWS\System32\OpenSSH\;C:\Program Files\nodejs\;C:\Program Files\Java\jdk-15.0.1\bin;C:\Program Files\Java\jdk-15.0.1;C:\Program Files\MySQL\MySQL Server 8.0\bin;C:\Program Files\apache-maven-3.8.1\bin;C:\Program Files\Apache Software Foundation\Tomcat 7.0;C:\Program Files\Apache Software Foundation\Tomcat 7.0\lib\servlet-api.jar;C:\Program Files\Git\cmd;C:\Users\Hp\AppData\Local\Microsoft\WindowsApps;;C:\Program Files\JetBrains\IntelliJ IDEA Community Edition 2020.1.3\bin;C:\Program Files\Java\jdk-15.0.1\bin;;C:\Users\Hp\AppData\Local\Programs\Microsoft VS Code\bin;C:\Users\Hp\AppData\Roaming\npm;C:\Users\Hp\Downloads\sts-4.10.0.RELEASE;
USERNAME=Hp
OS=Windows_NT
PROCESSOR_IDENTIFIER=Intel64 Family 6 Model 142 Stepping 12, GenuineIntel



---------------  S Y S T E M  ---------------

OS:
 Windows 10 , 64 bit Build 19041 (10.0.19041.1151)
OS uptime: 16 days 3:29 hours

CPU: total 4 (initial active 4) (2 cores per cpu, 2 threads per core) family 6 model 142 stepping 12 microcode 0xde, cmov, cx8, fxsr, mmx, sse, sse2, sse3, ssse3, sse4.1, sse4.2, popcnt, vzeroupper, avx, avx2, aes, clmul, erms, 3dnowpref, lzcnt, ht, tsc, tscinvbit, bmi1, bmi2, adx, fma, clflush, clflushopt

Memory: 4k page, system-wide physical 3883M (105M free)
TotalPageFile size 15659M (AvailPageFile size 3M)
current process WorkingSet (physical memory assigned to process): 73M, peak: 73M
current process commit charge ("private bytes"): 147M, peak: 147M

vm_info: OpenJDK 64-Bit Server VM (15.0.2+7-27) for windows-amd64 JRE (15.0.2+7-27), built on Dec  7 2020 20:02:38 by "mach5one" with unknown MS VC++:1925

END.
